<!DOCTYPE html PUBLIC "-//W3C//DTD XHTML 1.1//EN" "http://www.w3.org/TR/xhtml11/DTD/xhtml11.dtd">
<html xmlns="http://www.w3.org/1999/xhtml"><head><title>TestNG Report</title><style type="text/css">table {margin-bottom:10px;border-collapse:collapse;empty-cells:show}th,td {border:1px solid #009;padding:.25em .5em}th {vertical-align:bottom}td {vertical-align:top}table a {font-weight:bold}.stripe td {background-color: #E6EBF9}.num {text-align:right}.passedodd td {background-color: #3F3}.passedeven td {background-color: #0A0}.skippedodd td {background-color: #DDD}.skippedeven td {background-color: #CCC}.failedodd td,.attn {background-color: #F33}.failedeven td,.stripe .attn {background-color: #D00}.stacktrace {white-space:pre;font-family:monospace}.totop {font-size:85%;text-align:center;border-bottom:2px solid #000}</style></head><body><table><tr><th>Test</th><th># Passed</th><th># Skipped</th><th># Failed</th><th>Time (ms)</th><th>Included Groups</th><th>Excluded Groups</th></tr><tr><th colspan="7">Baublebar</th></tr><tr><td><a href="#t0">SignupForDiscountTest</a></td><td class="num">0</td><td class="num">0</td><td class="num attn">1</td><td class="num">10</td><td></td><td></td></tr><tr class="stripe"><td><a href="#t1">CreateAccountTest</a></td><td class="num">1</td><td class="num">0</td><td class="num">0</td><td class="num">17,463</td><td></td><td></td></tr><tr><td><a href="#t2">AddToWishListTest</a></td><td class="num">0</td><td class="num">0</td><td class="num attn">1</td><td class="num">40,639</td><td></td><td></td></tr><tr><th>Total</th><th class="num">1</th><th class="num">0</th><th class="num attn">2</th><th class="num">58,112</th><th colspan="2"></th></tr></table><table><thead><tr><th>Class</th><th>Method</th><th>Start</th><th>Time (ms)</th></tr></thead><tbody><tr><th colspan="4">Baublebar</th></tr></tbody><tbody id="t0"><tr><th colspan="4">SignupForDiscountTest &#8212; failed</th></tr><tr class="failedeven"><td rowspan="1">com.baublebar.testcases.SignupForDiscountTest</td><td><a href="#m0">getDiscountTest</a></td><td rowspan="1">1412884165171</td><td rowspan="1">0</td></tr></tbody><tbody id="t1"><tr><th colspan="4">CreateAccountTest &#8212; passed</th></tr><tr class="passedeven"><td rowspan="1">com.baublebar.testcases.CreateAccountTest</td><td><a href="#m1">createAccTest</a></td><td rowspan="1">1412884165195</td><td rowspan="1">17454</td></tr></tbody><tbody id="t2"><tr><th colspan="4">AddToWishListTest &#8212; failed</th></tr><tr class="failedeven"><td rowspan="1">com.baublebar.testcases.AddToWishListTest</td><td><a href="#m2">addToWishList</a></td><td rowspan="1">1412884182654</td><td rowspan="1">40634</td></tr></tbody></table><h2>SignupForDiscountTest</h2><h3 id="m0">com.baublebar.testcases.SignupForDiscountTest#getDiscountTest</h3><table class="result"><tr><th>Exception</th></tr><tr><td><div class="stacktrace">org.testng.TestNGException: 
Method getDiscountTest requires 1 parameters but 0 were supplied in the @Test annotation.
... Removed 23 stack frames</div></td></tr></table><p class="totop"><a href="#summary">back to summary</a></p><h2>CreateAccountTest</h2><h3 id="m1">com.baublebar.testcases.CreateAccountTest#createAccTest</h3><table class="result"><tr class="param"><th>Parameter #1</th></tr><tr class="param stripe"><td>{Username=cmaitri@yahoo.com, Password=add123, Runmode=Y}</td></tr></table><p class="totop"><a href="#summary">back to summary</a></p><h2>AddToWishListTest</h2><h3 id="m2">com.baublebar.testcases.AddToWishListTest#addToWishList</h3><table class="result"><tr class="param"><th>Parameter #1</th></tr><tr class="param stripe"><td>{AccountPwd=add123, Runmode=Y, AccountLogIn=cmaitri@yahoo.com}</td></tr><tr><th>Exception</th></tr><tr><td><div class="stacktrace">org.openqa.selenium.WebDriverException: a is undefined
Command duration or timeout: 30.04 seconds
Build info: version: &apos;2.43.1&apos;, revision: &apos;5163bce&apos;, time: &apos;2014-09-10 16:27:58&apos;
System info: host: &apos;Maitris-MacBook-Pro.local&apos;, ip: &apos;10.20.2.238&apos;, os.name: &apos;Mac OS X&apos;, os.arch: &apos;x86_64&apos;, os.version: &apos;10.9.4&apos;, java.version: &apos;1.6.0_65&apos;
Session ID: fb72f91f-bd06-2f48-b935-b4ab93b4ee0b
Driver info: org.openqa.selenium.firefox.FirefoxDriver
Capabilities [{platform=MAC, acceptSslCerts=true, javascriptEnabled=true, browserName=firefox, rotatable=false, locationContextEnabled=true, version=32.0.3, cssSelectorsEnabled=true, databaseEnabled=true, handlesAlerts=true, nativeEvents=false, webStorageEnabled=true, applicationCacheEnabled=true, takesScreenshot=true}]
	at org.openqa.selenium.remote.ErrorHandler.createThrowable(ErrorHandler.java:204)
	at org.openqa.selenium.remote.ErrorHandler.throwIfResponseFailed(ErrorHandler.java:156)
	at org.openqa.selenium.remote.RemoteWebDriver.execute(RemoteWebDriver.java:599)
	at org.openqa.selenium.remote.RemoteWebElement.execute(RemoteWebElement.java:268)
	at org.openqa.selenium.remote.RemoteWebElement.click(RemoteWebElement.java:79)
	at org.openqa.selenium.support.pagefactory.internal.LocatingElementHandler.invoke(LocatingElementHandler.java:50)
	at com.sun.proxy.$Proxy9.click(Unknown Source)
	at com.baublebar.pages.BaublebarPage.verifyAnItemToWishList(BaublebarPage.java:123)
	at com.baublebar.testcases.AddToWishListTest.addToWishList(AddToWishListTest.java:28)
Caused by: org.openqa.selenium.WebDriverException: a is undefined
Build info: version: &apos;2.43.1&apos;, revision: &apos;5163bce&apos;, time: &apos;2014-09-10 16:27:58&apos;
System info: host: &apos;Maitris-MacBook-Pro.local&apos;, ip: &apos;10.20.2.238&apos;, os.name: &apos;Mac OS X&apos;, os.arch: &apos;x86_64&apos;, os.version: &apos;10.9.4&apos;, java.version: &apos;1.6.0_65&apos;
Driver info: driver.version: unknown
	at &lt;anonymous class&gt;.wdSession.prototype.setWindow(file:///var/folders/c6/sn_7hhjj7mqdjp12gk50p4kw0000gn/T/anonymous4447663421020398942webdriver-profile/extensions/fxdriver@googlecode.com/components/session.js:4076:3)
	at &lt;anonymous class&gt;.wdSession.prototype.getWindow(file:///var/folders/c6/sn_7hhjj7mqdjp12gk50p4kw0000gn/T/anonymous4447663421020398942webdriver-profile/extensions/fxdriver@googlecode.com/components/session.js:4056:133)
	at &lt;anonymous class&gt;.wdSession.prototype.getDocument(file:///var/folders/c6/sn_7hhjj7mqdjp12gk50p4kw0000gn/T/anonymous4447663421020398942webdriver-profile/extensions/fxdriver@googlecode.com/components/session.js:4063:3)
	at &lt;anonymous class&gt;.DelayedCommand.prototype.checkPreconditions_(file:///var/folders/c6/sn_7hhjj7mqdjp12gk50p4kw0000gn/T/anonymous4447663421020398942webdriver-profile/extensions/fxdriver@googlecode.com/components/command-processor.js:11595:1)
	at &lt;anonymous class&gt;.DelayedCommand.prototype.executeInternal_/h(file:///var/folders/c6/sn_7hhjj7mqdjp12gk50p4kw0000gn/T/anonymous4447663421020398942webdriver-profile/extensions/fxdriver@googlecode.com/components/command-processor.js:11612:11)
	at &lt;anonymous class&gt;.fxdriver.Timer.prototype.setTimeout/&lt;.notify(file:///var/folders/c6/sn_7hhjj7mqdjp12gk50p4kw0000gn/T/anonymous4447663421020398942webdriver-profile/extensions/fxdriver@googlecode.com/components/command-processor.js:548:5)
... Removed 32 stack frames</div></td></tr></table><p class="totop"><a href="#summary">back to summary</a></p></body></html>