<?xml version="1.0" encoding="UTF-8"?>
<testng-results skipped="0" failed="2" total="3" passed="1">
  <reporter-output>
  </reporter-output>
  <suite name="Baublebar" duration-ms="58125" started-at="2014-10-09T19:49:25Z" finished-at="2014-10-09T19:50:23Z">
    <groups>
    </groups>
    <test name="SignupForDiscountTest" duration-ms="10" started-at="2014-10-09T19:49:25Z" finished-at="2014-10-09T19:49:25Z">
      <class name="com.baublebar.testcases.SignupForDiscountTest">
        <test-method status="FAIL" signature="getDiscountTest(java.util.Hashtable)[pri:0, instance:com.baublebar.testcases.SignupForDiscountTest@a578073]" name="getDiscountTest" duration-ms="0" started-at="2014-10-09T15:49:25Z" finished-at="2014-10-09T15:49:25Z">
          <exception class="org.testng.TestNGException">
            <message>
              <![CDATA[
Method getDiscountTest requires 1 parameters but 0 were supplied in the @Test annotation.]]>
            </message>
            <full-stacktrace>
              <![CDATA[org.testng.TestNGException: 
Method getDiscountTest requires 1 parameters but 0 were supplied in the @Test annotation.
	at org.testng.internal.Parameters.checkParameterTypes(Parameters.java:198)
	at org.testng.internal.Parameters.createParameters(Parameters.java:134)
	at org.testng.internal.Parameters.createParameters(Parameters.java:373)
	at org.testng.internal.Parameters.handleParameters(Parameters.java:450)
	at org.testng.internal.Invoker.handleParameters(Invoker.java:1383)
	at org.testng.internal.Invoker.createParameters(Invoker.java:1075)
	at org.testng.internal.Invoker.invokeTestMethods(Invoker.java:1180)
	at org.testng.internal.TestMethodWorker.invokeTestMethods(TestMethodWorker.java:127)
	at org.testng.internal.TestMethodWorker.run(TestMethodWorker.java:111)
	at org.testng.TestRunner.privateRun(TestRunner.java:767)
	at org.testng.TestRunner.run(TestRunner.java:617)
	at org.testng.SuiteRunner.runTest(SuiteRunner.java:334)
	at org.testng.SuiteRunner.runSequentially(SuiteRunner.java:329)
	at org.testng.SuiteRunner.privateRun(SuiteRunner.java:291)
	at org.testng.SuiteRunner.run(SuiteRunner.java:240)
	at org.testng.SuiteRunnerWorker.runSuite(SuiteRunnerWorker.java:52)
	at org.testng.SuiteRunnerWorker.run(SuiteRunnerWorker.java:86)
	at org.testng.TestNG.runSuitesSequentially(TestNG.java:1224)
	at org.testng.TestNG.runSuitesLocally(TestNG.java:1149)
	at org.testng.TestNG.run(TestNG.java:1057)
	at org.testng.remote.RemoteTestNG.run(RemoteTestNG.java:111)
	at org.testng.remote.RemoteTestNG.initAndRun(RemoteTestNG.java:204)
	at org.testng.remote.RemoteTestNG.main(RemoteTestNG.java:175)
]]>
            </full-stacktrace>
          </exception> <!-- org.testng.TestNGException -->
          <reporter-output>
          </reporter-output>
        </test-method> <!-- getDiscountTest -->
      </class> <!-- com.baublebar.testcases.SignupForDiscountTest -->
    </test> <!-- SignupForDiscountTest -->
    <test name="CreateAccountTest" duration-ms="17463" started-at="2014-10-09T19:49:25Z" finished-at="2014-10-09T19:49:42Z">
      <class name="com.baublebar.testcases.CreateAccountTest">
        <test-method status="PASS" signature="createAccTest(java.util.Hashtable)[pri:0, instance:com.baublebar.testcases.CreateAccountTest@3af7345b]" name="createAccTest" duration-ms="17454" started-at="2014-10-09T15:49:25Z" data-provider="getCreateAccountData" finished-at="2014-10-09T15:49:42Z">
          <params>
            <param index="0">
              <value>
                <![CDATA[{Username=cmaitri@yahoo.com, Password=add123, Runmode=Y}]]>
              </value>
            </param>
          </params>
          <reporter-output>
          </reporter-output>
        </test-method> <!-- createAccTest -->
      </class> <!-- com.baublebar.testcases.CreateAccountTest -->
    </test> <!-- CreateAccountTest -->
    <test name="AddToWishListTest" duration-ms="40639" started-at="2014-10-09T19:49:42Z" finished-at="2014-10-09T19:50:23Z">
      <class name="com.baublebar.testcases.SignupForDiscountTest">
        <test-method status="PASS" signature="init()[pri:0, instance:com.baublebar.testcases.SignupForDiscountTest@a578073]" name="init" is-config="true" duration-ms="1839" started-at="2014-10-09T15:49:23Z" finished-at="2014-10-09T15:49:25Z">
          <reporter-output>
          </reporter-output>
        </test-method> <!-- init -->
      </class> <!-- com.baublebar.testcases.SignupForDiscountTest -->
      <class name="com.baublebar.testcases.AddToWishListTest">
        <test-method status="FAIL" signature="addToWishList(java.util.Hashtable)[pri:0, instance:com.baublebar.testcases.AddToWishListTest@410d3f0d]" name="addToWishList" duration-ms="40634" started-at="2014-10-09T15:49:42Z" data-provider="getAddToWishListData" finished-at="2014-10-09T15:50:23Z">
          <params>
            <param index="0">
              <value>
                <![CDATA[{AccountPwd=add123, Runmode=Y, AccountLogIn=cmaitri@yahoo.com}]]>
              </value>
            </param>
          </params>
          <exception class="org.openqa.selenium.WebDriverException">
            <message>
              <![CDATA[a is undefined
Command duration or timeout: 30.04 seconds
Build info: version: '2.43.1', revision: '5163bce', time: '2014-09-10 16:27:58'
System info: host: 'Maitris-MacBook-Pro.local', ip: '10.20.2.238', os.name: 'Mac OS X', os.arch: 'x86_64', os.version: '10.9.4', java.version: '1.6.0_65'
Session ID: fb72f91f-bd06-2f48-b935-b4ab93b4ee0b
Driver info: org.openqa.selenium.firefox.FirefoxDriver
Capabilities [{platform=MAC, acceptSslCerts=true, javascriptEnabled=true, browserName=firefox, rotatable=false, locationContextEnabled=true, version=32.0.3, cssSelectorsEnabled=true, databaseEnabled=true, handlesAlerts=true, nativeEvents=false, webStorageEnabled=true, applicationCacheEnabled=true, takesScreenshot=true}]]]>
            </message>
            <full-stacktrace>
              <![CDATA[org.openqa.selenium.WebDriverException: a is undefined
Command duration or timeout: 30.04 seconds
Build info: version: '2.43.1', revision: '5163bce', time: '2014-09-10 16:27:58'
System info: host: 'Maitris-MacBook-Pro.local', ip: '10.20.2.238', os.name: 'Mac OS X', os.arch: 'x86_64', os.version: '10.9.4', java.version: '1.6.0_65'
Session ID: fb72f91f-bd06-2f48-b935-b4ab93b4ee0b
Driver info: org.openqa.selenium.firefox.FirefoxDriver
Capabilities [{platform=MAC, acceptSslCerts=true, javascriptEnabled=true, browserName=firefox, rotatable=false, locationContextEnabled=true, version=32.0.3, cssSelectorsEnabled=true, databaseEnabled=true, handlesAlerts=true, nativeEvents=false, webStorageEnabled=true, applicationCacheEnabled=true, takesScreenshot=true}]
	at sun.reflect.NativeConstructorAccessorImpl.newInstance0(Native Method)
	at sun.reflect.NativeConstructorAccessorImpl.newInstance(NativeConstructorAccessorImpl.java:39)
	at sun.reflect.DelegatingConstructorAccessorImpl.newInstance(DelegatingConstructorAccessorImpl.java:27)
	at java.lang.reflect.Constructor.newInstance(Constructor.java:513)
	at org.openqa.selenium.remote.ErrorHandler.createThrowable(ErrorHandler.java:204)
	at org.openqa.selenium.remote.ErrorHandler.throwIfResponseFailed(ErrorHandler.java:156)
	at org.openqa.selenium.remote.RemoteWebDriver.execute(RemoteWebDriver.java:599)
	at org.openqa.selenium.remote.RemoteWebElement.execute(RemoteWebElement.java:268)
	at org.openqa.selenium.remote.RemoteWebElement.click(RemoteWebElement.java:79)
	at sun.reflect.NativeMethodAccessorImpl.invoke0(Native Method)
	at sun.reflect.NativeMethodAccessorImpl.invoke(NativeMethodAccessorImpl.java:39)
	at sun.reflect.DelegatingMethodAccessorImpl.invoke(DelegatingMethodAccessorImpl.java:25)
	at java.lang.reflect.Method.invoke(Method.java:597)
	at org.openqa.selenium.support.pagefactory.internal.LocatingElementHandler.invoke(LocatingElementHandler.java:50)
	at com.sun.proxy.$Proxy9.click(Unknown Source)
	at com.baublebar.pages.BaublebarPage.verifyAnItemToWishList(BaublebarPage.java:123)
	at com.baublebar.testcases.AddToWishListTest.addToWishList(AddToWishListTest.java:28)
	at sun.reflect.NativeMethodAccessorImpl.invoke0(Native Method)
	at sun.reflect.NativeMethodAccessorImpl.invoke(NativeMethodAccessorImpl.java:39)
	at sun.reflect.DelegatingMethodAccessorImpl.invoke(DelegatingMethodAccessorImpl.java:25)
	at java.lang.reflect.Method.invoke(Method.java:597)
	at org.testng.internal.MethodInvocationHelper.invokeMethod(MethodInvocationHelper.java:84)
	at org.testng.internal.Invoker.invokeMethod(Invoker.java:714)
	at org.testng.internal.Invoker.invokeTestMethod(Invoker.java:901)
	at org.testng.internal.Invoker.invokeTestMethods(Invoker.java:1231)
	at org.testng.internal.TestMethodWorker.invokeTestMethods(TestMethodWorker.java:127)
	at org.testng.internal.TestMethodWorker.run(TestMethodWorker.java:111)
	at org.testng.TestRunner.privateRun(TestRunner.java:767)
	at org.testng.TestRunner.run(TestRunner.java:617)
	at org.testng.SuiteRunner.runTest(SuiteRunner.java:334)
	at org.testng.SuiteRunner.runSequentially(SuiteRunner.java:329)
	at org.testng.SuiteRunner.privateRun(SuiteRunner.java:291)
	at org.testng.SuiteRunner.run(SuiteRunner.java:240)
	at org.testng.SuiteRunnerWorker.runSuite(SuiteRunnerWorker.java:52)
	at org.testng.SuiteRunnerWorker.run(SuiteRunnerWorker.java:86)
	at org.testng.TestNG.runSuitesSequentially(TestNG.java:1224)
	at org.testng.TestNG.runSuitesLocally(TestNG.java:1149)
	at org.testng.TestNG.run(TestNG.java:1057)
	at org.testng.remote.RemoteTestNG.run(RemoteTestNG.java:111)
	at org.testng.remote.RemoteTestNG.initAndRun(RemoteTestNG.java:204)
	at org.testng.remote.RemoteTestNG.main(RemoteTestNG.java:175)
Caused by: org.openqa.selenium.WebDriverException: a is undefined
Build info: version: '2.43.1', revision: '5163bce', time: '2014-09-10 16:27:58'
System info: host: 'Maitris-MacBook-Pro.local', ip: '10.20.2.238', os.name: 'Mac OS X', os.arch: 'x86_64', os.version: '10.9.4', java.version: '1.6.0_65'
Driver info: driver.version: unknown
	at <anonymous class>.wdSession.prototype.setWindow(file:///var/folders/c6/sn_7hhjj7mqdjp12gk50p4kw0000gn/T/anonymous4447663421020398942webdriver-profile/extensions/fxdriver@googlecode.com/components/session.js:4076:3)
	at <anonymous class>.wdSession.prototype.getWindow(file:///var/folders/c6/sn_7hhjj7mqdjp12gk50p4kw0000gn/T/anonymous4447663421020398942webdriver-profile/extensions/fxdriver@googlecode.com/components/session.js:4056:133)
	at <anonymous class>.wdSession.prototype.getDocument(file:///var/folders/c6/sn_7hhjj7mqdjp12gk50p4kw0000gn/T/anonymous4447663421020398942webdriver-profile/extensions/fxdriver@googlecode.com/components/session.js:4063:3)
	at <anonymous class>.DelayedCommand.prototype.checkPreconditions_(file:///var/folders/c6/sn_7hhjj7mqdjp12gk50p4kw0000gn/T/anonymous4447663421020398942webdriver-profile/extensions/fxdriver@googlecode.com/components/command-processor.js:11595:1)
	at <anonymous class>.DelayedCommand.prototype.executeInternal_/h(file:///var/folders/c6/sn_7hhjj7mqdjp12gk50p4kw0000gn/T/anonymous4447663421020398942webdriver-profile/extensions/fxdriver@googlecode.com/components/command-processor.js:11612:11)
	at <anonymous class>.fxdriver.Timer.prototype.setTimeout/<.notify(file:///var/folders/c6/sn_7hhjj7mqdjp12gk50p4kw0000gn/T/anonymous4447663421020398942webdriver-profile/extensions/fxdriver@googlecode.com/components/command-processor.js:548:5)
]]>
            </full-stacktrace>
          </exception> <!-- org.openqa.selenium.WebDriverException -->
          <reporter-output>
          </reporter-output>
        </test-method> <!-- addToWishList -->
        <test-method status="PASS" signature="quitDriver()[pri:0, instance:com.baublebar.testcases.AddToWishListTest@410d3f0d]" name="quitDriver" is-config="true" duration-ms="95" started-at="2014-10-09T15:50:23Z" finished-at="2014-10-09T15:50:23Z">
          <reporter-output>
          </reporter-output>
        </test-method> <!-- quitDriver -->
      </class> <!-- com.baublebar.testcases.AddToWishListTest -->
    </test> <!-- AddToWishListTest -->
  </suite> <!-- Baublebar -->
</testng-results>
