<?xml version="1.0" encoding="UTF-8"?>
<!-- Generated by org.testng.reporters.JUnitXMLReporter -->
<testsuite hostname="Maitris-MacBook-Pro.local" name="AddToWishListTest" tests="1" failures="1" timestamp="9 Oct 2014 19:50:23 GMT" time="40.639" errors="0">
  <testcase name="addToWishList" time="40.634" classname="com.baublebar.testcases.AddToWishListTest">
    <failure type="org.openqa.selenium.WebDriverException" message="a is undefined
Command duration or timeout: 30.04 seconds
Build info: version: &amp;apos;2.43.1&amp;apos;, revision: &amp;apos;5163bce&amp;apos;, time: &amp;apos;2014-09-10 16:27:58&amp;apos;
System info: host: &amp;apos;Maitris-MacBook-Pro.local&amp;apos;, ip: &amp;apos;10.20.2.238&amp;apos;, os.name: &amp;apos;Mac OS X&amp;apos;, os.arch: &amp;apos;x86_64&amp;apos;, os.version: &amp;apos;10.9.4&amp;apos;, java.version: &amp;apos;1.6.0_65&amp;apos;
Session ID: fb72f91f-bd06-2f48-b935-b4ab93b4ee0b
Driver info: org.openqa.selenium.firefox.FirefoxDriver
Capabilities [{platform=MAC, acceptSslCerts=true, javascriptEnabled=true, browserName=firefox, rotatable=false, locationContextEnabled=true, version=32.0.3, cssSelectorsEnabled=true, databaseEnabled=true, handlesAlerts=true, nativeEvents=false, webStorageEnabled=true, applicationCacheEnabled=true, takesScreenshot=true}]">
      <![CDATA[org.openqa.selenium.WebDriverException: a is undefined
Command duration or timeout: 30.04 seconds
Build info: version: '2.43.1', revision: '5163bce', time: '2014-09-10 16:27:58'
System info: host: 'Maitris-MacBook-Pro.local', ip: '10.20.2.238', os.name: 'Mac OS X', os.arch: 'x86_64', os.version: '10.9.4', java.version: '1.6.0_65'
Session ID: fb72f91f-bd06-2f48-b935-b4ab93b4ee0b
Driver info: org.openqa.selenium.firefox.FirefoxDriver
Capabilities [{platform=MAC, acceptSslCerts=true, javascriptEnabled=true, browserName=firefox, rotatable=false, locationContextEnabled=true, version=32.0.3, cssSelectorsEnabled=true, databaseEnabled=true, handlesAlerts=true, nativeEvents=false, webStorageEnabled=true, applicationCacheEnabled=true, takesScreenshot=true}]
	at org.openqa.selenium.remote.ErrorHandler.createThrowable(ErrorHandler.java:204)
	at org.openqa.selenium.remote.ErrorHandler.throwIfResponseFailed(ErrorHandler.java:156)
	at org.openqa.selenium.remote.RemoteWebDriver.execute(RemoteWebDriver.java:599)
	at org.openqa.selenium.remote.RemoteWebElement.execute(RemoteWebElement.java:268)
	at org.openqa.selenium.remote.RemoteWebElement.click(RemoteWebElement.java:79)
	at org.openqa.selenium.support.pagefactory.internal.LocatingElementHandler.invoke(LocatingElementHandler.java:50)
	at com.sun.proxy.$Proxy9.click(Unknown Source)
	at com.baublebar.pages.BaublebarPage.verifyAnItemToWishList(BaublebarPage.java:123)
	at com.baublebar.testcases.AddToWishListTest.addToWishList(AddToWishListTest.java:28)
Caused by: org.openqa.selenium.WebDriverException: a is undefined
Build info: version: '2.43.1', revision: '5163bce', time: '2014-09-10 16:27:58'
System info: host: 'Maitris-MacBook-Pro.local', ip: '10.20.2.238', os.name: 'Mac OS X', os.arch: 'x86_64', os.version: '10.9.4', java.version: '1.6.0_65'
Driver info: driver.version: unknown
	at <anonymous class>.wdSession.prototype.setWindow(file:///var/folders/c6/sn_7hhjj7mqdjp12gk50p4kw0000gn/T/anonymous4447663421020398942webdriver-profile/extensions/fxdriver@googlecode.com/components/session.js:4076:3)
	at <anonymous class>.wdSession.prototype.getWindow(file:///var/folders/c6/sn_7hhjj7mqdjp12gk50p4kw0000gn/T/anonymous4447663421020398942webdriver-profile/extensions/fxdriver@googlecode.com/components/session.js:4056:133)
	at <anonymous class>.wdSession.prototype.getDocument(file:///var/folders/c6/sn_7hhjj7mqdjp12gk50p4kw0000gn/T/anonymous4447663421020398942webdriver-profile/extensions/fxdriver@googlecode.com/components/session.js:4063:3)
	at <anonymous class>.DelayedCommand.prototype.checkPreconditions_(file:///var/folders/c6/sn_7hhjj7mqdjp12gk50p4kw0000gn/T/anonymous4447663421020398942webdriver-profile/extensions/fxdriver@googlecode.com/components/command-processor.js:11595:1)
	at <anonymous class>.DelayedCommand.prototype.executeInternal_/h(file:///var/folders/c6/sn_7hhjj7mqdjp12gk50p4kw0000gn/T/anonymous4447663421020398942webdriver-profile/extensions/fxdriver@googlecode.com/components/command-processor.js:11612:11)
	at <anonymous class>.fxdriver.Timer.prototype.setTimeout/<.notify(file:///var/folders/c6/sn_7hhjj7mqdjp12gk50p4kw0000gn/T/anonymous4447663421020398942webdriver-profile/extensions/fxdriver@googlecode.com/components/command-processor.js:548:5)
... Removed 32 stack frames]]>
    </failure>
  </testcase> <!-- addToWishList -->
</testsuite> <!-- AddToWishListTest -->
